\BOOKMARK [1][-]{section*.4}{Abstract}{}% 1
\BOOKMARK [1][-]{section.1}{Introduction}{}% 2
\BOOKMARK [2][-]{subsection.1.1}{Motivation}{section.1}% 3
\BOOKMARK [2][-]{subsection.1.2}{Objectives}{section.1}% 4
\BOOKMARK [2][-]{subsection.1.3}{Organization}{section.1}% 5
\BOOKMARK [1][-]{section.2}{Setup}{}% 6
\BOOKMARK [1][-]{section.3}{Input Signals}{}% 7
\BOOKMARK [1][-]{section.4}{Modelling}{}% 8
\BOOKMARK [1][-]{section.5}{Analysis}{}% 9
\BOOKMARK [2][-]{subsection.5.1}{Averaging}{section.5}% 10
\BOOKMARK [2][-]{subsection.5.2}{Empirical Transfer Function}{section.5}% 11
\BOOKMARK [2][-]{subsection.5.3}{Subspace Identification}{section.5}% 12
\BOOKMARK [1][-]{section.6}{Results and Discussion}{}% 13
\BOOKMARK [2][-]{subsection.6.1}{Feedback Model}{section.6}% 14
\BOOKMARK [2][-]{subsection.6.2}{Feedforward Model}{section.6}% 15
\BOOKMARK [1][-]{section.7}{Conclusion}{}% 16
\BOOKMARK [0][-]{section.7}{Bibliography}{}% 17
\BOOKMARK [1][-]{appendix.A}{Estimated Models}{section.7}% 18
\BOOKMARK [2][-]{subsection.A.1}{Feedback}{appendix.A}% 19
\BOOKMARK [2][-]{subsection.A.2}{Feedforward}{appendix.A}% 20
